<?xml version="1.0" encoding="UTF-8"?>
<!-- Generated by org.testng.reporters.JUnitReportReporter -->
<testsuite hostname="DESKTOP-BNIRTNQ" failures="0" tests="1" name="com.SauceDemo.TestClass.TC02_VerifyLogOutFunctionality" time="10.365" errors="0" timestamp="2022-10-09T08:26:25 IST" skipped="0">
  <testcase classname="com.SauceDemo.TestClass.TC02_VerifyLogOutFunctionality" name="verifyLOgOutFunctionality" time="10.365"/>
  <system-out/>
</testsuite> <!-- com.SauceDemo.TestClass.TC02_VerifyLogOutFunctionality -->
